Script started on 2026-02-16 21:10:49+00:00 [TERM="screen" TTY="/dev/pts/6" COLUMNS="94" LINES="14"]
azureuser@pr1-vm:~/6210-proj1/memory/test$ [Kazureuser@pr1-vm:~/6210-proj1/memory/test$ [Kazureuser@pr1-vm:~/6210-proj1/memory/test$ [Kazureuser@pr1-vm:~/6210-proj1/memory/test$ [Kazureuser@pr1-vm:~/6210-proj1/memory/test$ [Kazureuser@pr1-vm:~/6210-proj1/memory/test$ [Kazureuser@pr1-vm:~/6210-proj1/memory/test$ [Kazureuser@pr1-vm:~/6210-proj1/memory/test$ [Kazureuser@pr1-vm:~/6210-proj1/memory/test$ python3 mont[Kitor.py -t runtest2.py

----------------------------------------------------------------------------------------------------
Iteration number :  1
Memory (VM: aos_vm2)  Actual [512.0], Unused: [190.53515625]
Memory (VM: aos_vm3)  Actual [512.0], Unused: [191.703125]
Memory (VM: aos_vm1)  Actual [512.0], Unused: [190.60546875]
Memory (VM: aos_vm4)  Actual [512.0], Unused: [192.1875]

----------------------------------------------------------------------------------------------------
Iteration number :  2
Memory (VM: aos_vm2)  Actual [462.0], Unused: [190.53515625]
Memory (VM: aos_vm3)  Actual [462.0], Unused: [191.703125]
Memory (VM: aos_vm1)  Actual [462.0], Unused: [190.60546875]
Memory (VM: aos_vm4)  Actual [462.0], Unused: [192.1875]

----------------------------------------------------------------------------------------------------
Iteration number :  3
Memory (VM: aos_vm2)  Actual [421.11328125], Unused: [140.88671875]
Memory (VM: aos_vm3)  Actual [419.9453125], Unused: [142.0546875]
Memory (VM: aos_vm1)  Actual [421.1328125], Unused: [140.8671875]
Memory (VM: aos_vm4)  Actual [419.58203125], Unused: [142.41796875]

----------------------------------------------------------------------------------------------------
Iteration number :  4
Memory (VM: aos_vm2)  Actual [471.11328125], Unused: [99.95703125]
Memory (VM: aos_vm3)  Actual [469.9453125], Unused: [99.9140625]
Memory (VM: aos_vm1)  Actual [421.1328125], Unused: [100.05859375]
Memory (VM: aos_vm4)  Actual [469.58203125], Unused: [99.9140625]

----------------------------------------------------------------------------------------------------
Iteration number :  5
Memory (VM: aos_vm2)  Actual [421.38671875], Unused: [149.7265625]
Memory (VM: aos_vm3)  Actual [420.140625], Unused: [149.8046875]
Memory (VM: aos_vm1)  Actual [421.1328125], Unused: [100.05859375]
Memory (VM: aos_vm4)  Actual [419.77734375], Unused: [149.8046875]
Start testcase 2

----------------------------------------------------------------------------------------------------
Iteration number :  6
Memory (VM: aos_vm2)  Actual [420.75], Unused: [141.25]
Memory (VM: aos_vm3)  Actual [419.58203125], Unused: [142.41796875]
Memory (VM: aos_vm1)  Actual [420.76953125], Unused: [141.23046875]
Memory (VM: aos_vm4)  Actual [419.21875], Unused: [142.78125]

----------------------------------------------------------------------------------------------------
Iteration number :  7
Memory (VM: aos_vm2)  Actual [470.75], Unused: [95.09765625]
Memory (VM: aos_vm3)  Actual [469.58203125], Unused: [74.07421875]
Memory (VM: aos_vm1)  Actual [470.76953125], Unused: [94.8984375]
Memory (VM: aos_vm4)  Actual [469.21875], Unused: [73.34375]

----------------------------------------------------------------------------------------------------
Iteration number :  8
Memory (VM: aos_vm2)  Actual [446.61328125], Unused: [124.13671875]
Memory (VM: aos_vm3)  Actual [444.8828125], Unused: [124.69921875]
Memory (VM: aos_vm1)  Actual [445.8046875], Unused: [124.96484375]
Memory (VM: aos_vm4)  Actual [443.30859375], Unused: [125.91015625]

----------------------------------------------------------------------------------------------------
Iteration number :  9
Memory (VM: aos_vm2)  Actual [496.61328125], Unused: [75.69921875]
Memory (VM: aos_vm3)  Actual [494.8828125], Unused: [76.625]
Memory (VM: aos_vm1)  Actual [492.8046875], Unused: [75.1953125]
Memory (VM: aos_vm4)  Actual [488.30859375], Unused: [74.4453125]

----------------------------------------------------------------------------------------------------
Iteration number :  10
Memory (VM: aos_vm2)  Actual [496.61328125], Unused: [100.66796875]
Memory (VM: aos_vm3)  Actual [494.8828125], Unused: [102.296875]
Memory (VM: aos_vm1)  Actual [520.8046875], Unused: [99.91796875]
Memory (VM: aos_vm4)  Actual [493.30859375], Unused: [100.60546875]

----------------------------------------------------------------------------------------------------
Iteration number :  11
Memory (VM: aos_vm2)  Actual [505.61328125], Unused: [74.99609375]
Memory (VM: aos_vm3)  Actual [502.8828125], Unused: [78.234375]
Memory (VM: aos_vm1)  Actual [545.8046875], Unused: [124.86328125]
Memory (VM: aos_vm4)  Actual [493.30859375], Unused: [75.90234375]

----------------------------------------------------------------------------------------------------
Iteration number :  12
Memory (VM: aos_vm2)  Actual [546.61328125], Unused: [100.80078125]
Memory (VM: aos_vm3)  Actual [544.8828125], Unused: [105.1171875]
Memory (VM: aos_vm1)  Actual [520.94140625], Unused: [74.125]
Memory (VM: aos_vm4)  Actual [543.30859375], Unused: [102.78515625]

----------------------------------------------------------------------------------------------------
Iteration number :  13
Memory (VM: aos_vm2)  Actual [546.61328125], Unused: [71.73828125]
Memory (VM: aos_vm3)  Actual [544.8828125], Unused: [78.11328125]
Memory (VM: aos_vm1)  Actual [570.94140625], Unused: [98.18359375]
Memory (VM: aos_vm4)  Actual [543.30859375], Unused: [76.14453125]

----------------------------------------------------------------------------------------------------
Iteration number :  14
Memory (VM: aos_vm2)  Actual [596.61328125], Unused: [132.2890625]
Memory (VM: aos_vm3)  Actual [594.8828125], Unused: [104.92578125]
Memory (VM: aos_vm1)  Actual [620.94140625], Unused: [124.703125]
Memory (VM: aos_vm4)  Actual [593.30859375], Unused: [102.49609375]

----------------------------------------------------------------------------------------------------
Iteration number :  15
Memory (VM: aos_vm2)  Actual [564.32421875], Unused: [76.828125]
Memory (VM: aos_vm3)  Actual [594.8828125], Unused: [77.80078125]
Memory (VM: aos_vm1)  Actual [596.23828125], Unused: [73.6015625]
Memory (VM: aos_vm4)  Actual [593.30859375], Unused: [74.765625]

----------------------------------------------------------------------------------------------------
Iteration number :  16
Memory (VM: aos_vm2)  Actual [614.32421875], Unused: [102.2578125]
Memory (VM: aos_vm3)  Actual [644.8828125], Unused: [101.8203125]
Memory (VM: aos_vm1)  Actual [646.23828125], Unused: [130.8359375]
Memory (VM: aos_vm4)  Actual [643.30859375], Unused: [131.109375]

----------------------------------------------------------------------------------------------------
Iteration number :  17
Memory (VM: aos_vm2)  Actual [614.32421875], Unused: [76.22265625]
Memory (VM: aos_vm3)  Actual [644.8828125], Unused: [75.30078125]
Memory (VM: aos_vm1)  Actual [615.40234375], Unused: [75.49609375]
Memory (VM: aos_vm4)  Actual [612.19921875], Unused: [76.28515625]

----------------------------------------------------------------------------------------------------
Iteration number :  18
Memory (VM: aos_vm2)  Actual [664.32421875], Unused: [120.83984375]
Memory (VM: aos_vm3)  Actual [694.8828125], Unused: [131.51953125]
Memory (VM: aos_vm1)  Actual [665.40234375], Unused: [119.92578125]
Memory (VM: aos_vm4)  Actual [662.19921875], Unused: [115.86328125]

----------------------------------------------------------------------------------------------------
Iteration number :  19
Memory (VM: aos_vm2)  Actual [643.484375], Unused: [75.55078125]
Memory (VM: aos_vm3)  Actual [663.36328125], Unused: [76.05859375]
Memory (VM: aos_vm1)  Actual [645.4765625], Unused: [75.12109375]
Memory (VM: aos_vm4)  Actual [646.3359375], Unused: [74.93359375]

----------------------------------------------------------------------------------------------------
Iteration number :  20
Memory (VM: aos_vm2)  Actual [693.484375], Unused: [118.34375]
Memory (VM: aos_vm3)  Actual [713.36328125], Unused: [123.05859375]
Memory (VM: aos_vm1)  Actual [695.4765625], Unused: [115.20703125]
Memory (VM: aos_vm4)  Actual [696.3359375], Unused: [114.92578125]

----------------------------------------------------------------------------------------------------
Iteration number :  21
Memory (VM: aos_vm2)  Actual [675.140625], Unused: [72.72265625]
Memory (VM: aos_vm3)  Actual [690.3046875], Unused: [75.10546875]
Memory (VM: aos_vm1)  Actual [680.26953125], Unused: [73.671875]
Memory (VM: aos_vm4)  Actual [681.41015625], Unused: [73.99609375]

----------------------------------------------------------------------------------------------------
Iteration number :  22
Memory (VM: aos_vm2)  Actual [725.140625], Unused: [121.32421875]
Memory (VM: aos_vm3)  Actual [740.3046875], Unused: [117.2578125]
Memory (VM: aos_vm1)  Actual [730.26953125], Unused: [115.84375]
Memory (VM: aos_vm4)  Actual [731.41015625], Unused: [116.5390625]

----------------------------------------------------------------------------------------------------
Iteration number :  23
Memory (VM: aos_vm2)  Actual [703.81640625], Unused: [75.9140625]
Memory (VM: aos_vm3)  Actual [723.046875], Unused: [75.96484375]
Memory (VM: aos_vm1)  Actual [714.42578125], Unused: [74.671875]
Memory (VM: aos_vm4)  Actual [714.87109375], Unused: [74.51953125]

----------------------------------------------------------------------------------------------------
Iteration number :  24
Memory (VM: aos_vm2)  Actual [753.81640625], Unused: [130.0546875]
Memory (VM: aos_vm3)  Actual [773.046875], Unused: [123.23046875]
Memory (VM: aos_vm1)  Actual [764.42578125], Unused: [118.19140625]
Memory (VM: aos_vm4)  Actual [764.87109375], Unused: [118.765625]

----------------------------------------------------------------------------------------------------
Iteration number :  25
Memory (VM: aos_vm2)  Actual [723.76171875], Unused: [77.86328125]
Memory (VM: aos_vm3)  Actual [749.81640625], Unused: [76.125]
Memory (VM: aos_vm1)  Actual [746.234375], Unused: [76.203125]
Memory (VM: aos_vm4)  Actual [746.10546875], Unused: [76.26171875]

----------------------------------------------------------------------------------------------------
Iteration number :  26
Memory (VM: aos_vm2)  Actual [773.76171875], Unused: [126.44921875]
Memory (VM: aos_vm3)  Actual [799.81640625], Unused: [117.04296875]
Memory (VM: aos_vm1)  Actual [796.234375], Unused: [126.54296875]
Memory (VM: aos_vm4)  Actual [796.10546875], Unused: [127.69921875]

----------------------------------------------------------------------------------------------------
Iteration number :  27
Memory (VM: aos_vm2)  Actual [747.3125], Unused: [75.46875]
Memory (VM: aos_vm3)  Actual [782.7734375], Unused: [75.14453125]
Memory (VM: aos_vm1)  Actual [769.69140625], Unused: [76.1015625]
Memory (VM: aos_vm4)  Actual [768.40625], Unused: [75.75]

----------------------------------------------------------------------------------------------------
Iteration number :  28
Memory (VM: aos_vm2)  Actual [797.3125], Unused: [115.61328125]
Memory (VM: aos_vm3)  Actual [832.7734375], Unused: [127.015625]
Memory (VM: aos_vm1)  Actual [819.69140625], Unused: [121.265625]
Memory (VM: aos_vm4)  Actual [818.40625], Unused: [121.859375]

----------------------------------------------------------------------------------------------------
Iteration number :  29
Memory (VM: aos_vm2)  Actual [781.69921875], Unused: [82.5546875]
Memory (VM: aos_vm3)  Actual [805.7578125], Unused: [92.39453125]
Memory (VM: aos_vm1)  Actual [798.42578125], Unused: [94.27734375]
Memory (VM: aos_vm4)  Actual [796.546875], Unused: [89.08203125]

----------------------------------------------------------------------------------------------------
Iteration number :  30
Memory (VM: aos_vm2)  Actual [831.69921875], Unused: [64.08203125]
Memory (VM: aos_vm3)  Actual [855.7578125], Unused: [65.8515625]
Memory (VM: aos_vm1)  Actual [848.42578125], Unused: [67.73046875]
Memory (VM: aos_vm4)  Actual [846.546875], Unused: [63.26953125]

----------------------------------------------------------------------------------------------------
Iteration number :  31
Memory (VM: aos_vm2)  Actual [881.69921875], Unused: [87.2109375]
Memory (VM: aos_vm3)  Actual [905.7578125], Unused: [90.828125]
Memory (VM: aos_vm1)  Actual [898.42578125], Unused: [93.40234375]
Memory (VM: aos_vm4)  Actual [896.546875], Unused: [95.50390625]

----------------------------------------------------------------------------------------------------
Iteration number :  32
Memory (VM: aos_vm2)  Actual [871.1171875], Unused: [110.58203125]
Memory (VM: aos_vm3)  Actual [890.83203125], Unused: [114.92578125]
Memory (VM: aos_vm1)  Actual [880.44140625], Unused: [117.984375]
Memory (VM: aos_vm4)  Actual [876.4609375], Unused: [120.0859375]

----------------------------------------------------------------------------------------------------
Iteration number :  33
Memory (VM: aos_vm2)  Actual [921.1171875], Unused: [73.27734375]
Memory (VM: aos_vm3)  Actual [940.83203125], Unused: [72.54296875]
Memory (VM: aos_vm1)  Actual [930.44140625], Unused: [74.51171875]
Memory (VM: aos_vm4)  Actual [926.4609375], Unused: [77.703125]

----------------------------------------------------------------------------------------------------
Iteration number :  34
Memory (VM: aos_vm2)  Actual [971.1171875], Unused: [96.28515625]
Memory (VM: aos_vm3)  Actual [990.83203125], Unused: [97.125]
Memory (VM: aos_vm1)  Actual [980.44140625], Unused: [99.45703125]
Memory (VM: aos_vm4)  Actual [926.4609375], Unused: [101.31640625]

----------------------------------------------------------------------------------------------------
Iteration number :  35
Memory (VM: aos_vm2)  Actual [952.9140625], Unused: [118.203125]
Memory (VM: aos_vm3)  Actual [969.73046875], Unused: [121.1015625]
Memory (VM: aos_vm1)  Actual [958.58203125], Unused: [121.859375]
Memory (VM: aos_vm4)  Actual [976.4609375], Unused: [74.3125]

----------------------------------------------------------------------------------------------------
Iteration number :  36
Memory (VM: aos_vm2)  Actual [1002.9140625], Unused: [72.06640625]
Memory (VM: aos_vm3)  Actual [1019.73046875], Unused: [72.421875]
Memory (VM: aos_vm1)  Actual [1008.58203125], Unused: [73.30078125]
Memory (VM: aos_vm4)  Actual [1026.4609375], Unused: [96.3828125]

----------------------------------------------------------------------------------------------------
Iteration number :  37
Memory (VM: aos_vm2)  Actual [1052.9140625], Unused: [97.375]
Memory (VM: aos_vm3)  Actual [1069.73046875], Unused: [98.3359375]
Memory (VM: aos_vm1)  Actual [1008.58203125], Unused: [100.0625]
Memory (VM: aos_vm4)  Actual [1005.73828125], Unused: [120.72265625]

----------------------------------------------------------------------------------------------------
Iteration number :  38
Memory (VM: aos_vm2)  Actual [1032.16796875], Unused: [120.74609375]
Memory (VM: aos_vm3)  Actual [1047.5390625], Unused: [122.19140625]
Memory (VM: aos_vm1)  Actual [1058.58203125], Unused: [72.2109375]
Memory (VM: aos_vm4)  Actual [1055.73828125], Unused: [73.375]

----------------------------------------------------------------------------------------------------
Iteration number :  39
Memory (VM: aos_vm2)  Actual [1082.16796875], Unused: [72.79296875]
Memory (VM: aos_vm3)  Actual [1097.5390625], Unused: [71.81640625]
Memory (VM: aos_vm1)  Actual [1108.58203125], Unused: [94.85546875]
Memory (VM: aos_vm4)  Actual [1105.73828125], Unused: [96.74609375]

----------------------------------------------------------------------------------------------------
Iteration number :  40
Memory (VM: aos_vm2)  Actual [1132.16796875], Unused: [97.1328125]
Memory (VM: aos_vm3)  Actual [1147.5390625], Unused: [96.640625]
Memory (VM: aos_vm1)  Actual [1091.56640625], Unused: [117.015625]
Memory (VM: aos_vm4)  Actual [1085.5], Unused: [120.23828125]

----------------------------------------------------------------------------------------------------
Iteration number :  41
Memory (VM: aos_vm2)  Actual [1108.1875], Unused: [123.98046875]
Memory (VM: aos_vm3)  Actual [1123.53125], Unused: [124.0078125]
Memory (VM: aos_vm1)  Actual [1141.56640625], Unused: [74.26953125]
Memory (VM: aos_vm4)  Actual [1135.5], Unused: [75.0703125]

----------------------------------------------------------------------------------------------------
Iteration number :  42
Memory (VM: aos_vm2)  Actual [1158.1875], Unused: [73.12109375]
Memory (VM: aos_vm3)  Actual [1173.53125], Unused: [73.99609375]
Memory (VM: aos_vm1)  Actual [1129.36328125], Unused: [112.203125]
Memory (VM: aos_vm4)  Actual [1185.5], Unused: [99.16796875]

----------------------------------------------------------------------------------------------------
Iteration number :  43
Memory (VM: aos_vm2)  Actual [1158.1875], Unused: [104.37890625]
Memory (VM: aos_vm3)  Actual [1160.98046875], Unused: [112.55078125]
Memory (VM: aos_vm1)  Actual [1179.36328125], Unused: [75.02734375]
Memory (VM: aos_vm4)  Actual [1161.265625], Unused: [124.234375]

----------------------------------------------------------------------------------------------------
Iteration number :  44
Memory (VM: aos_vm2)  Actual [1208.1875], Unused: [76.890625]
Memory (VM: aos_vm3)  Actual [1210.98046875], Unused: [73.55859375]
Memory (VM: aos_vm1)  Actual [1179.36328125], Unused: [106.1640625]
Memory (VM: aos_vm4)  Actual [1211.265625], Unused: [75.91796875]

----------------------------------------------------------------------------------------------------
Iteration number :  45
Memory (VM: aos_vm2)  Actual [1158.1875], Unused: [1041.58984375]
Memory (VM: aos_vm3)  Actual [1196.33984375], Unused: [114.640625]
Memory (VM: aos_vm1)  Actual [1229.36328125], Unused: [81.58203125]
Memory (VM: aos_vm4)  Actual [1211.265625], Unused: [103.6484375]

----------------------------------------------------------------------------------------------------
Iteration number :  46
Memory (VM: aos_vm2)  Actual [1108.1875], Unused: [941.56640625]
Memory (VM: aos_vm3)  Actual [1246.33984375], Unused: [1079.97265625]
Memory (VM: aos_vm1)  Actual [1179.36328125], Unused: [1013.71484375]
Memory (VM: aos_vm4)  Actual [1261.265625], Unused: [72.6484375]

----------------------------------------------------------------------------------------------------
Iteration number :  47
Memory (VM: aos_vm2)  Actual [1058.1875], Unused: [891.5546875]
Memory (VM: aos_vm3)  Actual [1196.33984375], Unused: [1030.5703125]
Memory (VM: aos_vm1)  Actual [1129.36328125], Unused: [963.703125]
Memory (VM: aos_vm4)  Actual [1211.265625], Unused: [1045.9765625]

----------------------------------------------------------------------------------------------------
Iteration number :  48
Memory (VM: aos_vm2)  Actual [1008.1875], Unused: [841.54296875]
Memory (VM: aos_vm3)  Actual [1146.33984375], Unused: [980.55859375]
Memory (VM: aos_vm1)  Actual [1079.36328125], Unused: [913.69140625]
Memory (VM: aos_vm4)  Actual [1161.265625], Unused: [994.90625]

----------------------------------------------------------------------------------------------------
Iteration number :  49
Memory (VM: aos_vm2)  Actual [958.1875], Unused: [791.53125]
Memory (VM: aos_vm3)  Actual [1096.33984375], Unused: [930.546875]
Memory (VM: aos_vm1)  Actual [1029.36328125], Unused: [863.6796875]
Memory (VM: aos_vm4)  Actual [1111.265625], Unused: [944.89453125]

----------------------------------------------------------------------------------------------------
Iteration number :  50
Memory (VM: aos_vm2)  Actual [908.1875], Unused: [741.51953125]
Memory (VM: aos_vm3)  Actual [1046.33984375], Unused: [880.65625]
Memory (VM: aos_vm1)  Actual [979.36328125], Unused: [813.66796875]
Memory (VM: aos_vm4)  Actual [1061.265625], Unused: [895.00390625]

----------------------------------------------------------------------------------------------------
Iteration number :  51
Memory (VM: aos_vm2)  Actual [858.1875], Unused: [691.5078125]
Memory (VM: aos_vm3)  Actual [996.33984375], Unused: [830.64453125]
Memory (VM: aos_vm1)  Actual [929.36328125], Unused: [763.77734375]
Memory (VM: aos_vm4)  Actual [1011.265625], Unused: [844.9921875]

----------------------------------------------------------------------------------------------------
Iteration number :  52
Memory (VM: aos_vm2)  Actual [808.1875], Unused: [641.49609375]
Memory (VM: aos_vm3)  Actual [946.33984375], Unused: [780.6328125]
Memory (VM: aos_vm1)  Actual [879.36328125], Unused: [713.765625]
Memory (VM: aos_vm4)  Actual [961.265625], Unused: [794.98046875]

----------------------------------------------------------------------------------------------------
Iteration number :  53
Memory (VM: aos_vm2)  Actual [758.1875], Unused: [591.515625]
Memory (VM: aos_vm3)  Actual [896.33984375], Unused: [730.62109375]
Memory (VM: aos_vm1)  Actual [829.36328125], Unused: [663.75390625]
Memory (VM: aos_vm4)  Actual [911.265625], Unused: [744.96875]

----------------------------------------------------------------------------------------------------
Iteration number :  54
Memory (VM: aos_vm2)  Actual [708.1875], Unused: [541.50390625]
Memory (VM: aos_vm3)  Actual [846.33984375], Unused: [680.609375]
Memory (VM: aos_vm1)  Actual [779.36328125], Unused: [613.7421875]
Memory (VM: aos_vm4)  Actual [861.265625], Unused: [694.95703125]

----------------------------------------------------------------------------------------------------
Iteration number :  55
Memory (VM: aos_vm2)  Actual [658.1875], Unused: [491.4921875]
Memory (VM: aos_vm3)  Actual [796.33984375], Unused: [634.59375]
Memory (VM: aos_vm1)  Actual [729.36328125], Unused: [563.73046875]
Memory (VM: aos_vm4)  Actual [811.265625], Unused: [647.00390625]

----------------------------------------------------------------------------------------------------
Iteration number :  56
Memory (VM: aos_vm2)  Actual [608.1875], Unused: [458.5546875]
Memory (VM: aos_vm3)  Actual [746.33984375], Unused: [615.58203125]
Memory (VM: aos_vm1)  Actual [679.36328125], Unused: [550.7734375]
Memory (VM: aos_vm4)  Actual [761.265625], Unused: [618.91015625]

----------------------------------------------------------------------------------------------------
Iteration number :  57
Memory (VM: aos_vm2)  Actual [558.1875], Unused: [415.56640625]
Memory (VM: aos_vm3)  Actual [696.33984375], Unused: [559.63671875]
Memory (VM: aos_vm1)  Actual [629.36328125], Unused: [492.80078125]
Memory (VM: aos_vm4)  Actual [711.265625], Unused: [571.92578125]

----------------------------------------------------------------------------------------------------
Iteration number :  58
Memory (VM: aos_vm2)  Actual [508.1875], Unused: [369.55078125]
Memory (VM: aos_vm3)  Actual [646.33984375], Unused: [522.58203125]
Memory (VM: aos_vm1)  Actual [579.36328125], Unused: [454.77734375]
Memory (VM: aos_vm4)  Actual [661.265625], Unused: [543.953125]

----------------------------------------------------------------------------------------------------
Iteration number :  59
Memory (VM: aos_vm2)  Actual [466.1875], Unused: [341.578125]
Memory (VM: aos_vm3)  Actual [598.33984375], Unused: [480.5625]
Memory (VM: aos_vm1)  Actual [539.36328125], Unused: [413.7265625]
Memory (VM: aos_vm4)  Actual [615.265625], Unused: [494.91015625]

----------------------------------------------------------------------------------------------------
Iteration number :  60
Memory (VM: aos_vm2)  Actual [416.1875], Unused: [291.56640625]
Memory (VM: aos_vm3)  Actual [556.33984375], Unused: [430.55078125]
Memory (VM: aos_vm1)  Actual [497.36328125], Unused: [363.71484375]
Memory (VM: aos_vm4)  Actual [583.265625], Unused: [444.8984375]

----------------------------------------------------------------------------------------------------
Iteration number :  61
Memory (VM: aos_vm2)  Actual [375.1875], Unused: [241.5546875]
Memory (VM: aos_vm3)  Actual [509.33984375], Unused: [380.5390625]
Memory (VM: aos_vm1)  Actual [454.36328125], Unused: [313.703125]
Memory (VM: aos_vm4)  Actual [538.265625], Unused: [394.88671875]

----------------------------------------------------------------------------------------------------
Iteration number :  62
Memory (VM: aos_vm2)  Actual [333.1875], Unused: [191.54296875]
Memory (VM: aos_vm3)  Actual [472.33984375], Unused: [330.3984375]
Memory (VM: aos_vm1)  Actual [407.36328125], Unused: [263.5625]
Memory (VM: aos_vm4)  Actual [494.265625], Unused: [344.74609375]

----------------------------------------------------------------------------------------------------
Iteration number :  63
Memory (VM: aos_vm2)  Actual [281.1875], Unused: [141.53125]
Memory (VM: aos_vm3)  Actual [429.33984375], Unused: [280.38671875]
Memory (VM: aos_vm1)  Actual [363.36328125], Unused: [213.55078125]
Memory (VM: aos_vm4)  Actual [446.265625], Unused: [294.734375]

----------------------------------------------------------------------------------------------------
Iteration number :  64
Memory (VM: aos_vm2)  Actual [316.65625], Unused: [99.99609375]
Memory (VM: aos_vm3)  Actual [382.33984375], Unused: [230.40625]
Memory (VM: aos_vm1)  Actual [311.36328125], Unused: [163.5390625]
Memory (VM: aos_vm4)  Actual [401.265625], Unused: [244.72265625]

----------------------------------------------------------------------------------------------------
Iteration number :  65
Memory (VM: aos_vm2)  Actual [289.65625], Unused: [148.796875]
Memory (VM: aos_vm3)  Actual [336.33984375], Unused: [180.39453125]
Memory (VM: aos_vm1)  Actual [270.36328125], Unused: [113.52734375]
Memory (VM: aos_vm4)  Actual [359.265625], Unused: [194.4921875]

----------------------------------------------------------------------------------------------------
Iteration number :  66
Memory (VM: aos_vm2)  Actual [288.859375], Unused: [99.99609375]
Memory (VM: aos_vm3)  Actual [290.33984375], Unused: [130.3828125]
Memory (VM: aos_vm1)  Actual [265.8359375], Unused: [100.0859375]
Memory (VM: aos_vm4)  Actual [309.265625], Unused: [144.48046875]

----------------------------------------------------------------------------------------------------
Iteration number :  67
Memory (VM: aos_vm2)  Actual [310.859375], Unused: [149.40234375]
Memory (VM: aos_vm3)  Actual [265.95703125], Unused: [100.109375]
Memory (VM: aos_vm1)  Actual [265.8359375], Unused: [100.0859375]
Memory (VM: aos_vm4)  Actual [266.78515625], Unused: [100.0390625]

----------------------------------------------------------------------------------------------------
Iteration number :  68
Memory (VM: aos_vm2)  Actual [268.45703125], Unused: [100.6015625]
Memory (VM: aos_vm3)  Actual [265.95703125], Unused: [100.109375]
Memory (VM: aos_vm1)  Actual [265.8359375], Unused: [100.0859375]
Memory (VM: aos_vm4)  Actual [266.78515625], Unused: [100.0703125]

----------------------------------------------------------------------------------------------------
Iteration number :  69
Memory (VM: aos_vm2)  Actual [268.45703125], Unused: [100.6015625]
Memory (VM: aos_vm3)  Actual [265.95703125], Unused: [100.109375]
Memory (VM: aos_vm1)  Actual [265.8359375], Unused: [100.0859375]
Memory (VM: aos_vm4)  Actual [266.78515625], Unused: [100.0703125]

----------------------------------------------------------------------------------------------------
Iteration number :  70
Memory (VM: aos_vm2)  Actual [268.45703125], Unused: [100.6015625]
Memory (VM: aos_vm3)  Actual [265.95703125], Unused: [100.109375]
Memory (VM: aos_vm1)  Actual [265.8359375], Unused: [100.0859375]
Memory (VM: aos_vm4)  Actual [266.78515625], Unused: [100.0703125]

----------------------------------------------------------------------------------------------------
Iteration number :  71
Memory (VM: aos_vm2)  Actual [268.45703125], Unused: [100.6015625]
Memory (VM: aos_vm3)  Actual [265.95703125], Unused: [100.109375]
Memory (VM: aos_vm1)  Actual [265.8359375], Unused: [100.0859375]
Memory (VM: aos_vm4)  Actual [266.78515625], Unused: [100.0703125]

----------------------------------------------------------------------------------------------------
Iteration number :  72
Memory (VM: aos_vm2)  Actual [268.45703125], Unused: [100.6015625]
Memory (VM: aos_vm3)  Actual [265.95703125], Unused: [100.109375]
Memory (VM: aos_vm1)  Actual [265.8359375], Unused: [100.0859375]
Memory (VM: aos_vm4)  Actual [266.78515625], Unused: [100.0703125]

----------------------------------------------------------------------------------------------------
Iteration number :  73
Memory (VM: aos_vm2)  Actual [268.45703125], Unused: [100.6015625]
Memory (VM: aos_vm3)  Actual [265.95703125], Unused: [99.74609375]
Memory (VM: aos_vm1)  Actual [265.8359375], Unused: [100.0859375]
Memory (VM: aos_vm4)  Actual [266.78515625], Unused: [100.0703125]

----------------------------------------------------------------------------------------------------
Iteration number :  74
Memory (VM: aos_vm2)  Actual [268.45703125], Unused: [100.6328125]
Memory (VM: aos_vm3)  Actual [315.95703125], Unused: [149.15234375]
Memory (VM: aos_vm1)  Actual [265.8359375], Unused: [100.0859375]
Memory (VM: aos_vm4)  Actual [266.78515625], Unused: [100.0703125]

----------------------------------------------------------------------------------------------------
Iteration number :  75
Memory (VM: aos_vm2)  Actual [268.45703125], Unused: [100.6328125]
Memory (VM: aos_vm3)  Actual [266.8046875], Unused: [100.59375]
Memory (VM: aos_vm1)  Actual [265.8359375], Unused: [99.96484375]
Memory (VM: aos_vm4)  Actual [266.78515625], Unused: [100.0703125]

----------------------------------------------------------------------------------------------------
Iteration number :  76
Memory (VM: aos_vm2)  Actual [268.45703125], Unused: [100.6328125]
Memory (VM: aos_vm3)  Actual [266.8046875], Unused: [100.59375]
Memory (VM: aos_vm1)  Actual [315.8359375], Unused: [149.4921875]
Memory (VM: aos_vm4)  Actual [266.78515625], Unused: [100.0703125]

----------------------------------------------------------------------------------------------------
Iteration number :  77
Memory (VM: aos_vm2)  Actual [268.45703125], Unused: [100.6328125]
Memory (VM: aos_vm3)  Actual [266.8046875], Unused: [100.59375]
Memory (VM: aos_vm1)  Actual [266.34375], Unused: [100.5703125]
Memory (VM: aos_vm4)  Actual [266.78515625], Unused: [100.0703125]

----------------------------------------------------------------------------------------------------
Iteration number :  78
Memory (VM: aos_vm2)  Actual [268.45703125], Unused: [100.6328125]
Memory (VM: aos_vm3)  Actual [266.8046875], Unused: [100.59375]
Memory (VM: aos_vm1)  Actual [266.34375], Unused: [100.6015625]
Memory (VM: aos_vm4)  Actual [266.78515625], Unused: [99.70703125]

----------------------------------------------------------------------------------------------------
Iteration number :  79
Memory (VM: aos_vm2)  Actual [268.45703125], Unused: [100.6328125]
Memory (VM: aos_vm3)  Actual [266.8046875], Unused: [100.59375]
Memory (VM: aos_vm1)  Actual [266.34375], Unused: [100.6015625]
Memory (VM: aos_vm4)  Actual [316.78515625], Unused: [149.11328125]

----------------------------------------------------------------------------------------------------
Iteration number :  80
Memory (VM: aos_vm2)  Actual [268.45703125], Unused: [100.6328125]
Memory (VM: aos_vm3)  Actual [266.8046875], Unused: [100.59375]
Memory (VM: aos_vm1)  Actual [266.34375], Unused: [100.6015625]
Memory (VM: aos_vm4)  Actual [267.671875], Unused: [100.67578125]

----------------------------------------------------------------------------------------------------
Iteration number :  81
Memory (VM: aos_vm2)  Actual [268.45703125], Unused: [100.6328125]
Memory (VM: aos_vm3)  Actual [266.8046875], Unused: [100.59375]
Memory (VM: aos_vm1)  Actual [266.34375], Unused: [100.6015625]
Memory (VM: aos_vm4)  Actual [267.671875], Unused: [100.67578125]

----------------------------------------------------------------------------------------------------
Iteration number :  82
Memory (VM: aos_vm2)  Actual [268.45703125], Unused: [100.6328125]
Memory (VM: aos_vm3)  Actual [266.8046875], Unused: [100.59375]
Memory (VM: aos_vm1)  Actual [266.34375], Unused: [100.6015625]
Memory (VM: aos_vm4)  Actual [267.671875], Unused: [100.67578125]

----------------------------------------------------------------------------------------------------
Iteration number :  83
Memory (VM: aos_vm2)  Actual [268.45703125], Unused: [100.6328125]
Memory (VM: aos_vm3)  Actual [266.8046875], Unused: [100.59375]
Memory (VM: aos_vm1)  Actual [266.34375], Unused: [100.6015625]
Memory (VM: aos_vm4)  Actual [267.671875], Unused: [100.67578125]

----------------------------------------------------------------------------------------------------
Iteration number :  84
Memory (VM: aos_vm2)  Actual [268.45703125], Unused: [100.6328125]
Memory (VM: aos_vm3)  Actual [266.8046875], Unused: [100.46875]
Memory (VM: aos_vm1)  Actual [266.34375], Unused: [100.6015625]
Memory (VM: aos_vm4)  Actual [267.671875], Unused: [100.67578125]

----------------------------------------------------------------------------------------------------
Iteration number :  85
Memory (VM: aos_vm2)  Actual [268.45703125], Unused: [100.6328125]
Memory (VM: aos_vm3)  Actual [266.8046875], Unused: [100.4375]
Memory (VM: aos_vm1)  Actual [266.34375], Unused: [100.6015625]
Memory (VM: aos_vm4)  Actual [267.671875], Unused: [100.67578125]

----------------------------------------------------------------------------------------------------
Iteration number :  86
Memory (VM: aos_vm2)  Actual [268.45703125], Unused: [100.6328125]
Memory (VM: aos_vm3)  Actual [266.8046875], Unused: [100.4375]
Memory (VM: aos_vm1)  Actual [266.34375], Unused: [100.6015625]
Memory (VM: aos_vm4)  Actual [267.671875], Unused: [100.67578125]

----------------------------------------------------------------------------------------------------
Iteration number :  87
Memory (VM: aos_vm2)  Actual [268.45703125], Unused: [100.6328125]
Memory (VM: aos_vm3)  Actual [266.8046875], Unused: [100.4375]
Memory (VM: aos_vm1)  Actual [266.34375], Unused: [100.6015625]
Memory (VM: aos_vm4)  Actual [267.671875], Unused: [100.67578125]

----------------------------------------------------------------------------------------------------
Iteration number :  88
Memory (VM: aos_vm2)  Actual [268.45703125], Unused: [100.6328125]
Memory (VM: aos_vm3)  Actual [266.8046875], Unused: [100.4375]
Memory (VM: aos_vm1)  Actual [266.34375], Unused: [100.6015625]
Memory (VM: aos_vm4)  Actual [267.671875], Unused: [100.67578125]

----------------------------------------------------------------------------------------------------
Iteration number :  89
Memory (VM: aos_vm2)  Actual [268.45703125], Unused: [100.6328125]
Memory (VM: aos_vm3)  Actual [266.8046875], Unused: [100.4375]
Memory (VM: aos_vm1)  Actual [266.34375], Unused: [100.6015625]
Memory (VM: aos_vm4)  Actual [267.671875], Unused: [100.70703125]

----------------------------------------------------------------------------------------------------
Iteration number :  90
Memory (VM: aos_vm2)  Actual [268.45703125], Unused: [100.6328125]
Memory (VM: aos_vm3)  Actual [266.8046875], Unused: [100.4375]
Memory (VM: aos_vm1)  Actual [266.34375], Unused: [100.6015625]
Memory (VM: aos_vm4)  Actual [267.671875], Unused: [100.70703125]

----------------------------------------------------------------------------------------------------
Iteration number :  91
Memory (VM: aos_vm2)  Actual [268.45703125], Unused: [100.6328125]
Memory (VM: aos_vm3)  Actual [266.8046875], Unused: [100.4375]
Memory (VM: aos_vm1)  Actual [266.34375], Unused: [99.26953125]
Memory (VM: aos_vm4)  Actual [267.671875], Unused: [100.70703125]

----------------------------------------------------------------------------------------------------
Iteration number :  92
Memory (VM: aos_vm2)  Actual [268.45703125], Unused: [100.6328125]
Memory (VM: aos_vm3)  Actual [266.8046875], Unused: [100.4375]
Memory (VM: aos_vm1)  Actual [316.34375], Unused: [148.67578125]
Memory (VM: aos_vm4)  Actual [267.671875], Unused: [100.70703125]

----------------------------------------------------------------------------------------------------
Iteration number :  93
Memory (VM: aos_vm2)  Actual [268.45703125], Unused: [100.6328125]
Memory (VM: aos_vm3)  Actual [266.8046875], Unused: [100.4375]
Memory (VM: aos_vm1)  Actual [267.66796875], Unused: [100.6015625]
Memory (VM: aos_vm4)  Actual [267.671875], Unused: [100.70703125]

----------------------------------------------------------------------------------------------------
Iteration number :  94
Memory (VM: aos_vm2)  Actual [268.45703125], Unused: [100.6328125]
Memory (VM: aos_vm3)  Actual [266.8046875], Unused: [100.4375]
Memory (VM: aos_vm1)  Actual [267.66796875], Unused: [100.6015625]
Memory (VM: aos_vm4)  Actual [267.671875], Unused: [100.70703125]

----------------------------------------------------------------------------------------------------
Iteration number :  95
Memory (VM: aos_vm2)  Actual [268.45703125], Unused: [100.6640625]
Memory (VM: aos_vm3)  Actual [266.8046875], Unused: [100.4375]
Memory (VM: aos_vm1)  Actual [267.66796875], Unused: [100.6015625]
Memory (VM: aos_vm4)  Actual [267.671875], Unused: [100.70703125]

----------------------------------------------------------------------------------------------------
Iteration number :  96
Memory (VM: aos_vm2)  Actual [268.45703125], Unused: [100.6640625]
Memory (VM: aos_vm3)  Actual [266.8046875], Unused: [100.4375]
Memory (VM: aos_vm1)  Actual [267.66796875], Unused: [100.6015625]
Memory (VM: aos_vm4)  Actual [267.671875], Unused: [100.70703125]

----------------------------------------------------------------------------------------------------
Iteration number :  97
Memory (VM: aos_vm2)  Actual [268.45703125], Unused: [100.6640625]
Memory (VM: aos_vm3)  Actual [266.8046875], Unused: [100.4375]
Memory (VM: aos_vm1)  Actual [267.66796875], Unused: [100.6015625]
Memory (VM: aos_vm4)  Actual [267.671875], Unused: [100.70703125]

----------------------------------------------------------------------------------------------------
Iteration number :  98
Memory (VM: aos_vm2)  Actual [268.45703125], Unused: [100.6640625]
Memory (VM: aos_vm3)  Actual [266.8046875], Unused: [100.4375]
Memory (VM: aos_vm1)  Actual [267.66796875], Unused: [100.6015625]
Memory (VM: aos_vm4)  Actual [267.671875], Unused: [100.70703125]

----------------------------------------------------------------------------------------------------
Iteration number :  99
Memory (VM: aos_vm2)  Actual [268.45703125], Unused: [100.6640625]
Memory (VM: aos_vm3)  Actual [266.8046875], Unused: [100.4375]
Memory (VM: aos_vm1)  Actual [267.66796875], Unused: [100.6328125]
Memory (VM: aos_vm4)  Actual [267.671875], Unused: [100.70703125]

----------------------------------------------------------------------------------------------------
Iteration number :  100
Memory (VM: aos_vm2)  Actual [268.45703125], Unused: [100.6640625]
Memory (VM: aos_vm3)  Actual [266.8046875], Unused: [100.4375]
Memory (VM: aos_vm1)  Actual [267.66796875], Unused: [100.6328125]
Memory (VM: aos_vm4)  Actual [267.671875], Unused: [100.70703125]
azureuser@pr1-vm:~/6210-proj1/memory/test$ run: no process found
run: no process found
run: no process found
run: no process found
^C
azureuser@pr1-vm:~/6210-proj1/memory/test$ [Kazureuser@pr1-vm:~/6210-proj1/memory/test$ exit
exit

Script done on 2026-02-16 21:16:38+00:00 [COMMAND_EXIT_CODE="130"]
