Script started on 2026-02-16 18:47:32+00:00 [TERM="screen" TTY="/dev/pts/6" COLUMNS="248" LINES="12"]
azureuser@pr1-vm:~/6210-proj1/memory/test$ python3 monitor.py -t runtest1.py

----------------------------------------------------------------------------------------------------
Iteration number :  1
Memory (VM: aos_vm2)  Actual [418.94140625], Unused: [98.90234375]
Memory (VM: aos_vm3)  Actual [418.203125], Unused: [99.671875]
Memory (VM: aos_vm1)  Actual [418.3671875], Unused: [98.46875]
Memory (VM: aos_vm4)  Actual [417.82421875], Unused: [99.70703125]

----------------------------------------------------------------------------------------------------
Iteration number :  2
Memory (VM: aos_vm2)  Actual [418.94140625], Unused: [98.90234375]
Memory (VM: aos_vm3)  Actual [418.203125], Unused: [99.671875]
Memory (VM: aos_vm1)  Actual [418.3671875], Unused: [98.46875]
Memory (VM: aos_vm4)  Actual [417.82421875], Unused: [99.70703125]

----------------------------------------------------------------------------------------------------
Iteration number :  3
Memory (VM: aos_vm2)  Actual [418.94140625], Unused: [98.93359375]
Memory (VM: aos_vm3)  Actual [418.203125], Unused: [99.671875]
Memory (VM: aos_vm1)  Actual [418.3671875], Unused: [98.46875]
Memory (VM: aos_vm4)  Actual [417.82421875], Unused: [99.70703125]

----------------------------------------------------------------------------------------------------
Iteration number :  4
Memory (VM: aos_vm2)  Actual [468.94140625], Unused: [98.93359375]
Memory (VM: aos_vm3)  Actual [468.203125], Unused: [99.671875]
Memory (VM: aos_vm1)  Actual [468.3671875], Unused: [98.46875]
Memory (VM: aos_vm4)  Actual [467.82421875], Unused: [99.70703125]

----------------------------------------------------------------------------------------------------
Iteration number :  5
Memory (VM: aos_vm2)  Actual [420.1171875], Unused: [148.82421875]
Memory (VM: aos_vm3)  Actual [418.3984375], Unused: [149.8046875]
Memory (VM: aos_vm1)  Actual [419.88671875], Unused: [148.48046875]
Memory (VM: aos_vm4)  Actual [418.10546875], Unused: [149.71875]
Start testcase 1

----------------------------------------------------------------------------------------------------
Iteration number :  6
Memory (VM: aos_vm2)  Actual [431.96484375], Unused: [162.5078125]
Memory (VM: aos_vm3)  Actual [434.03125], Unused: [166.2734375]
Memory (VM: aos_vm1)  Actual [422.00390625], Unused: [152.75]
Memory (VM: aos_vm4)  Actual [433.0], Unused: [165.4609375]

----------------------------------------------------------------------------------------------------
Iteration number :  7
Memory (VM: aos_vm2)  Actual [481.96484375], Unused: [85.78515625]
Memory (VM: aos_vm3)  Actual [417.76953125], Unused: [116.26171875]
Memory (VM: aos_vm1)  Actual [422.00390625], Unused: [102.73828125]
Memory (VM: aos_vm4)  Actual [417.55078125], Unused: [115.44921875]

----------------------------------------------------------------------------------------------------
Iteration number :  8
Memory (VM: aos_vm2)  Actual [450.875], Unused: [131.08984375]
Memory (VM: aos_vm3)  Actual [467.76953125], Unused: [99.9140625]
Memory (VM: aos_vm1)  Actual [422.00390625], Unused: [102.73828125]
Memory (VM: aos_vm4)  Actual [417.55078125], Unused: [100.0703125]

----------------------------------------------------------------------------------------------------
Iteration number :  9
Memory (VM: aos_vm2)  Actual [500.875], Unused: [66.546875]
Memory (VM: aos_vm3)  Actual [418.44921875], Unused: [149.3203125]
Memory (VM: aos_vm1)  Actual [422.00390625], Unused: [102.73828125]
Memory (VM: aos_vm4)  Actual [417.55078125], Unused: [100.0703125]

----------------------------------------------------------------------------------------------------
Iteration number :  10
Memory (VM: aos_vm2)  Actual [489.74609375], Unused: [111.12890625]
Memory (VM: aos_vm3)  Actual [418.44921875], Unused: [100.640625]
Memory (VM: aos_vm1)  Actual [422.00390625], Unused: [102.73828125]
Memory (VM: aos_vm4)  Actual [417.55078125], Unused: [100.0703125]

----------------------------------------------------------------------------------------------------
Iteration number :  11
Memory (VM: aos_vm2)  Actual [539.74609375], Unused: [67.8984375]
Memory (VM: aos_vm3)  Actual [418.44921875], Unused: [100.640625]
Memory (VM: aos_vm1)  Actual [422.00390625], Unused: [102.73828125]
Memory (VM: aos_vm4)  Actual [417.55078125], Unused: [100.0703125]

----------------------------------------------------------------------------------------------------
Iteration number :  12
Memory (VM: aos_vm2)  Actual [526.5234375], Unused: [113.22265625]
Memory (VM: aos_vm3)  Actual [418.44921875], Unused: [100.640625]
Memory (VM: aos_vm1)  Actual [422.00390625], Unused: [102.73828125]
Memory (VM: aos_vm4)  Actual [417.55078125], Unused: [100.0703125]

----------------------------------------------------------------------------------------------------
Iteration number :  13
Memory (VM: aos_vm2)  Actual [576.5234375], Unused: [66.96484375]
Memory (VM: aos_vm3)  Actual [418.44921875], Unused: [100.640625]
Memory (VM: aos_vm1)  Actual [422.00390625], Unused: [102.73828125]
Memory (VM: aos_vm4)  Actual [417.55078125], Unused: [100.0703125]

----------------------------------------------------------------------------------------------------
Iteration number :  14
Memory (VM: aos_vm2)  Actual [576.5234375], Unused: [101.65234375]
Memory (VM: aos_vm3)  Actual [418.44921875], Unused: [100.671875]
Memory (VM: aos_vm1)  Actual [422.00390625], Unused: [102.73828125]
Memory (VM: aos_vm4)  Actual [417.55078125], Unused: [100.0703125]

----------------------------------------------------------------------------------------------------
Iteration number :  15
Memory (VM: aos_vm2)  Actual [626.5234375], Unused: [66.171875]
Memory (VM: aos_vm3)  Actual [418.44921875], Unused: [100.671875]
Memory (VM: aos_vm1)  Actual [422.00390625], Unused: [102.73828125]
Memory (VM: aos_vm4)  Actual [417.55078125], Unused: [100.0703125]

----------------------------------------------------------------------------------------------------
Iteration number :  16
Memory (VM: aos_vm2)  Actual [626.5234375], Unused: [100.48046875]
Memory (VM: aos_vm3)  Actual [418.44921875], Unused: [100.671875]
Memory (VM: aos_vm1)  Actual [422.00390625], Unused: [102.73828125]
Memory (VM: aos_vm4)  Actual [417.55078125], Unused: [100.0703125]

----------------------------------------------------------------------------------------------------
Iteration number :  17
Memory (VM: aos_vm2)  Actual [676.5234375], Unused: [64.87890625]
Memory (VM: aos_vm3)  Actual [418.44921875], Unused: [100.671875]
Memory (VM: aos_vm1)  Actual [422.00390625], Unused: [102.73828125]
Memory (VM: aos_vm4)  Actual [417.55078125], Unused: [100.0703125]

----------------------------------------------------------------------------------------------------
Iteration number :  18
Memory (VM: aos_vm2)  Actual [676.5234375], Unused: [100.5234375]
Memory (VM: aos_vm3)  Actual [418.44921875], Unused: [100.671875]
Memory (VM: aos_vm1)  Actual [422.00390625], Unused: [102.73828125]
Memory (VM: aos_vm4)  Actual [417.55078125], Unused: [100.0703125]

----------------------------------------------------------------------------------------------------
Iteration number :  19
Memory (VM: aos_vm2)  Actual [726.5234375], Unused: [65.28515625]
Memory (VM: aos_vm3)  Actual [418.44921875], Unused: [100.671875]
Memory (VM: aos_vm1)  Actual [422.00390625], Unused: [102.73828125]
Memory (VM: aos_vm4)  Actual [417.55078125], Unused: [100.1015625]

----------------------------------------------------------------------------------------------------
Iteration number :  20
Memory (VM: aos_vm2)  Actual [708.41796875], Unused: [118.10546875]
Memory (VM: aos_vm3)  Actual [418.44921875], Unused: [100.671875]
Memory (VM: aos_vm1)  Actual [422.00390625], Unused: [102.73828125]
Memory (VM: aos_vm4)  Actual [417.55078125], Unused: [100.1015625]

----------------------------------------------------------------------------------------------------
Iteration number :  21
Memory (VM: aos_vm2)  Actual [758.41796875], Unused: [67.00390625]
Memory (VM: aos_vm3)  Actual [418.44921875], Unused: [100.671875]
Memory (VM: aos_vm1)  Actual [422.00390625], Unused: [102.73828125]
Memory (VM: aos_vm4)  Actual [417.55078125], Unused: [100.1015625]

----------------------------------------------------------------------------------------------------
Iteration number :  22
Memory (VM: aos_vm2)  Actual [758.41796875], Unused: [102.6328125]
Memory (VM: aos_vm3)  Actual [418.44921875], Unused: [100.671875]
Memory (VM: aos_vm1)  Actual [422.00390625], Unused: [102.73828125]
Memory (VM: aos_vm4)  Actual [417.55078125], Unused: [100.1015625]

----------------------------------------------------------------------------------------------------
Iteration number :  23
Memory (VM: aos_vm2)  Actual [808.41796875], Unused: [67.39453125]
Memory (VM: aos_vm3)  Actual [418.44921875], Unused: [100.671875]
Memory (VM: aos_vm1)  Actual [422.00390625], Unused: [102.73828125]
Memory (VM: aos_vm4)  Actual [417.55078125], Unused: [100.1015625]

----------------------------------------------------------------------------------------------------
Iteration number :  24
Memory (VM: aos_vm2)  Actual [808.41796875], Unused: [101.40625]
Memory (VM: aos_vm3)  Actual [418.44921875], Unused: [100.671875]
Memory (VM: aos_vm1)  Actual [422.00390625], Unused: [102.73828125]
Memory (VM: aos_vm4)  Actual [417.55078125], Unused: [100.1015625]

----------------------------------------------------------------------------------------------------
Iteration number :  25
Memory (VM: aos_vm2)  Actual [858.41796875], Unused: [66.16796875]
Memory (VM: aos_vm3)  Actual [418.44921875], Unused: [100.671875]
Memory (VM: aos_vm1)  Actual [422.00390625], Unused: [102.76953125]
Memory (VM: aos_vm4)  Actual [417.55078125], Unused: [100.1015625]

----------------------------------------------------------------------------------------------------
Iteration number :  26
Memory (VM: aos_vm2)  Actual [808.41796875], Unused: [692.28515625]
Memory (VM: aos_vm3)  Actual [418.44921875], Unused: [100.671875]
Memory (VM: aos_vm1)  Actual [422.00390625], Unused: [102.76953125]
Memory (VM: aos_vm4)  Actual [417.55078125], Unused: [100.1015625]

----------------------------------------------------------------------------------------------------
Iteration number :  27
Memory (VM: aos_vm2)  Actual [758.41796875], Unused: [642.62890625]
Memory (VM: aos_vm3)  Actual [418.44921875], Unused: [100.671875]
Memory (VM: aos_vm1)  Actual [422.00390625], Unused: [102.76953125]
Memory (VM: aos_vm4)  Actual [417.55078125], Unused: [100.1015625]

----------------------------------------------------------------------------------------------------
Iteration number :  28
Memory (VM: aos_vm2)  Actual [708.41796875], Unused: [591.6484375]
Memory (VM: aos_vm3)  Actual [418.44921875], Unused: [100.671875]
Memory (VM: aos_vm1)  Actual [422.00390625], Unused: [102.76953125]
Memory (VM: aos_vm4)  Actual [417.55078125], Unused: [100.1015625]

----------------------------------------------------------------------------------------------------
Iteration number :  29
Memory (VM: aos_vm2)  Actual [658.41796875], Unused: [541.63671875]
Memory (VM: aos_vm3)  Actual [418.44921875], Unused: [100.671875]
Memory (VM: aos_vm1)  Actual [422.00390625], Unused: [102.76953125]
Memory (VM: aos_vm4)  Actual [417.55078125], Unused: [100.1015625]

----------------------------------------------------------------------------------------------------
Iteration number :  30
Memory (VM: aos_vm2)  Actual [608.41796875], Unused: [491.625]
Memory (VM: aos_vm3)  Actual [418.44921875], Unused: [100.671875]
Memory (VM: aos_vm1)  Actual [422.00390625], Unused: [102.76953125]
Memory (VM: aos_vm4)  Actual [417.55078125], Unused: [100.1015625]

----------------------------------------------------------------------------------------------------
Iteration number :  31
Memory (VM: aos_vm2)  Actual [558.41796875], Unused: [441.61328125]
Memory (VM: aos_vm3)  Actual [418.44921875], Unused: [100.671875]
Memory (VM: aos_vm1)  Actual [422.00390625], Unused: [102.76953125]
Memory (VM: aos_vm4)  Actual [417.55078125], Unused: [100.1015625]

----------------------------------------------------------------------------------------------------
Iteration number :  32
Memory (VM: aos_vm2)  Actual [508.41796875], Unused: [391.6015625]
Memory (VM: aos_vm3)  Actual [418.44921875], Unused: [100.671875]
Memory (VM: aos_vm1)  Actual [422.00390625], Unused: [102.76953125]
Memory (VM: aos_vm4)  Actual [417.55078125], Unused: [100.1015625]

----------------------------------------------------------------------------------------------------
Iteration number :  33
Memory (VM: aos_vm2)  Actual [458.41796875], Unused: [341.58984375]
Memory (VM: aos_vm3)  Actual [418.44921875], Unused: [100.671875]
Memory (VM: aos_vm1)  Actual [422.00390625], Unused: [102.76953125]
Memory (VM: aos_vm4)  Actual [417.55078125], Unused: [100.1015625]

----------------------------------------------------------------------------------------------------
Iteration number :  34
Memory (VM: aos_vm2)  Actual [408.41796875], Unused: [291.578125]
Memory (VM: aos_vm3)  Actual [418.44921875], Unused: [100.671875]
Memory (VM: aos_vm1)  Actual [422.00390625], Unused: [102.76953125]
Memory (VM: aos_vm4)  Actual [417.55078125], Unused: [100.1015625]

----------------------------------------------------------------------------------------------------
Iteration number :  35
Memory (VM: aos_vm2)  Actual [358.41796875], Unused: [241.6875]
Memory (VM: aos_vm3)  Actual [418.44921875], Unused: [100.703125]
Memory (VM: aos_vm1)  Actual [422.00390625], Unused: [102.76953125]
Memory (VM: aos_vm4)  Actual [417.55078125], Unused: [100.1015625]

----------------------------------------------------------------------------------------------------
Iteration number :  36
Memory (VM: aos_vm2)  Actual [308.41796875], Unused: [191.67578125]
Memory (VM: aos_vm3)  Actual [418.44921875], Unused: [100.703125]
Memory (VM: aos_vm1)  Actual [422.00390625], Unused: [102.76953125]
Memory (VM: aos_vm4)  Actual [417.55078125], Unused: [100.1015625]

----------------------------------------------------------------------------------------------------
Iteration number :  37
Memory (VM: aos_vm2)  Actual [266.75390625], Unused: [141.6640625]
Memory (VM: aos_vm3)  Actual [418.44921875], Unused: [100.703125]
Memory (VM: aos_vm1)  Actual [422.00390625], Unused: [102.76953125]
Memory (VM: aos_vm4)  Actual [417.55078125], Unused: [100.1015625]

----------------------------------------------------------------------------------------------------
Iteration number :  38
Memory (VM: aos_vm2)  Actual [266.75390625], Unused: [100.0078125]
Memory (VM: aos_vm3)  Actual [418.44921875], Unused: [100.703125]
Memory (VM: aos_vm1)  Actual [422.00390625], Unused: [102.76953125]
Memory (VM: aos_vm4)  Actual [417.55078125], Unused: [100.1015625]

----------------------------------------------------------------------------------------------------
Iteration number :  39
Memory (VM: aos_vm2)  Actual [266.75390625], Unused: [100.0078125]
Memory (VM: aos_vm3)  Actual [418.44921875], Unused: [100.703125]
Memory (VM: aos_vm1)  Actual [422.00390625], Unused: [102.76953125]
Memory (VM: aos_vm4)  Actual [417.55078125], Unused: [100.1015625]

----------------------------------------------------------------------------------------------------
Iteration number :  40
Memory (VM: aos_vm2)  Actual [266.75390625], Unused: [100.0078125]
Memory (VM: aos_vm3)  Actual [418.44921875], Unused: [100.703125]
Memory (VM: aos_vm1)  Actual [422.00390625], Unused: [102.76953125]
Memory (VM: aos_vm4)  Actual [417.55078125], Unused: [100.1328125]

----------------------------------------------------------------------------------------------------
Iteration number :  41
Memory (VM: aos_vm2)  Actual [266.75390625], Unused: [100.0390625]
Memory (VM: aos_vm3)  Actual [418.44921875], Unused: [100.703125]
Memory (VM: aos_vm1)  Actual [422.00390625], Unused: [102.76953125]
Memory (VM: aos_vm4)  Actual [417.55078125], Unused: [100.1328125]

----------------------------------------------------------------------------------------------------
Iteration number :  42
Memory (VM: aos_vm2)  Actual [266.75390625], Unused: [100.0390625]
Memory (VM: aos_vm3)  Actual [418.44921875], Unused: [100.703125]
Memory (VM: aos_vm1)  Actual [422.00390625], Unused: [102.76953125]
Memory (VM: aos_vm4)  Actual [417.55078125], Unused: [100.1328125]

----------------------------------------------------------------------------------------------------
Iteration number :  43
Memory (VM: aos_vm2)  Actual [266.75390625], Unused: [100.0390625]
Memory (VM: aos_vm3)  Actual [418.44921875], Unused: [100.703125]
Memory (VM: aos_vm1)  Actual [422.00390625], Unused: [102.76953125]
Memory (VM: aos_vm4)  Actual [417.55078125], Unused: [100.1328125]

----------------------------------------------------------------------------------------------------
Iteration number :  44
Memory (VM: aos_vm2)  Actual [266.75390625], Unused: [100.0390625]
Memory (VM: aos_vm3)  Actual [418.44921875], Unused: [100.703125]
Memory (VM: aos_vm1)  Actual [422.00390625], Unused: [102.76953125]
Memory (VM: aos_vm4)  Actual [417.55078125], Unused: [100.1328125]

----------------------------------------------------------------------------------------------------
Iteration number :  45
Memory (VM: aos_vm2)  Actual [266.75390625], Unused: [100.0390625]
Memory (VM: aos_vm3)  Actual [418.44921875], Unused: [100.703125]
Memory (VM: aos_vm1)  Actual [422.00390625], Unused: [102.76953125]
Memory (VM: aos_vm4)  Actual [417.55078125], Unused: [100.1328125]

----------------------------------------------------------------------------------------------------
Iteration number :  46
Memory (VM: aos_vm2)  Actual [266.75390625], Unused: [100.0390625]
Memory (VM: aos_vm3)  Actual [418.44921875], Unused: [100.703125]
Memory (VM: aos_vm1)  Actual [422.00390625], Unused: [102.80078125]
Memory (VM: aos_vm4)  Actual [417.55078125], Unused: [100.1328125]

----------------------------------------------------------------------------------------------------
Iteration number :  47
Memory (VM: aos_vm2)  Actual [266.75390625], Unused: [100.0390625]
Memory (VM: aos_vm3)  Actual [418.44921875], Unused: [100.703125]
Memory (VM: aos_vm1)  Actual [422.00390625], Unused: [102.80078125]
Memory (VM: aos_vm4)  Actual [417.55078125], Unused: [100.1328125]

----------------------------------------------------------------------------------------------------
Iteration number :  48
Memory (VM: aos_vm2)  Actual [266.75390625], Unused: [100.0390625]
Memory (VM: aos_vm3)  Actual [418.44921875], Unused: [100.703125]
Memory (VM: aos_vm1)  Actual [422.00390625], Unused: [102.80078125]
Memory (VM: aos_vm4)  Actual [417.55078125], Unused: [100.1328125]

----------------------------------------------------------------------------------------------------
Iteration number :  49
Memory (VM: aos_vm2)  Actual [266.75390625], Unused: [100.0390625]
Memory (VM: aos_vm3)  Actual [418.44921875], Unused: [100.703125]
Memory (VM: aos_vm1)  Actual [422.00390625], Unused: [102.80078125]
Memory (VM: aos_vm4)  Actual [417.55078125], Unused: [100.1328125]

----------------------------------------------------------------------------------------------------
Iteration number :  50
Memory (VM: aos_vm2)  Actual [266.75390625], Unused: [100.0390625]
Memory (VM: aos_vm3)  Actual [418.44921875], Unused: [100.703125]
Memory (VM: aos_vm1)  Actual [422.00390625], Unused: [102.80078125]
Memory (VM: aos_vm4)  Actual [417.55078125], Unused: [100.1328125]

----------------------------------------------------------------------------------------------------
Iteration number :  51
Memory (VM: aos_vm2)  Actual [266.75390625], Unused: [100.0390625]
Memory (VM: aos_vm3)  Actual [418.44921875], Unused: [100.703125]
Memory (VM: aos_vm1)  Actual [422.00390625], Unused: [102.80078125]
Memory (VM: aos_vm4)  Actual [417.55078125], Unused: [100.1328125]

----------------------------------------------------------------------------------------------------
Iteration number :  52
Memory (VM: aos_vm2)  Actual [266.75390625], Unused: [100.0390625]
Memory (VM: aos_vm3)  Actual [418.44921875], Unused: [100.703125]
Memory (VM: aos_vm1)  Actual [422.00390625], Unused: [102.80078125]
Memory (VM: aos_vm4)  Actual [417.55078125], Unused: [100.1328125]

----------------------------------------------------------------------------------------------------
Iteration number :  53
Memory (VM: aos_vm2)  Actual [266.75390625], Unused: [100.0390625]
Memory (VM: aos_vm3)  Actual [438.44921875], Unused: [99.5703125]
Memory (VM: aos_vm1)  Actual [422.00390625], Unused: [102.80078125]
Memory (VM: aos_vm4)  Actual [417.55078125], Unused: [100.1328125]

----------------------------------------------------------------------------------------------------
Iteration number :  54
Memory (VM: aos_vm2)  Actual [266.75390625], Unused: [100.0390625]
Memory (VM: aos_vm3)  Actual [464.44921875], Unused: [149.54296875]
Memory (VM: aos_vm1)  Actual [422.00390625], Unused: [102.80078125]
Memory (VM: aos_vm4)  Actual [417.55078125], Unused: [100.1328125]

----------------------------------------------------------------------------------------------------
Iteration number :  55
Memory (VM: aos_vm2)  Actual [266.75390625], Unused: [100.0390625]
Memory (VM: aos_vm3)  Actual [418.90625], Unused: [100.69140625]
Memory (VM: aos_vm1)  Actual [422.00390625], Unused: [102.80078125]
Memory (VM: aos_vm4)  Actual [417.55078125], Unused: [100.1328125]

----------------------------------------------------------------------------------------------------
Iteration number :  56
Memory (VM: aos_vm2)  Actual [266.75390625], Unused: [100.0390625]
Memory (VM: aos_vm3)  Actual [418.90625], Unused: [100.69140625]
Memory (VM: aos_vm1)  Actual [422.00390625], Unused: [102.80078125]
Memory (VM: aos_vm4)  Actual [417.55078125], Unused: [100.1328125]

----------------------------------------------------------------------------------------------------
Iteration number :  57
Memory (VM: aos_vm2)  Actual [266.75390625], Unused: [100.0390625]
Memory (VM: aos_vm3)  Actual [418.90625], Unused: [100.69140625]
Memory (VM: aos_vm1)  Actual [422.00390625], Unused: [102.80078125]
Memory (VM: aos_vm4)  Actual [417.55078125], Unused: [100.1328125]

----------------------------------------------------------------------------------------------------
Iteration number :  58
Memory (VM: aos_vm2)  Actual [266.75390625], Unused: [100.0390625]
Memory (VM: aos_vm3)  Actual [418.90625], Unused: [100.5703125]
Memory (VM: aos_vm1)  Actual [422.00390625], Unused: [102.80078125]
Memory (VM: aos_vm4)  Actual [417.55078125], Unused: [100.1328125]

----------------------------------------------------------------------------------------------------
Iteration number :  59
Memory (VM: aos_vm2)  Actual [266.75390625], Unused: [100.0390625]
Memory (VM: aos_vm3)  Actual [418.90625], Unused: [100.5703125]
Memory (VM: aos_vm1)  Actual [422.00390625], Unused: [102.80078125]
Memory (VM: aos_vm4)  Actual [417.55078125], Unused: [100.1328125]

----------------------------------------------------------------------------------------------------
Iteration number :  60
Memory (VM: aos_vm2)  Actual [266.75390625], Unused: [100.0390625]
Memory (VM: aos_vm3)  Actual [418.90625], Unused: [100.5703125]
Memory (VM: aos_vm1)  Actual [422.00390625], Unused: [102.80078125]
Memory (VM: aos_vm4)  Actual [417.55078125], Unused: [100.1640625]

----------------------------------------------------------------------------------------------------
Iteration number :  61
Memory (VM: aos_vm2)  Actual [266.75390625], Unused: [100.0703125]
Memory (VM: aos_vm3)  Actual [418.90625], Unused: [100.5703125]
Memory (VM: aos_vm1)  Actual [422.00390625], Unused: [102.80078125]
Memory (VM: aos_vm4)  Actual [417.55078125], Unused: [100.1640625]

----------------------------------------------------------------------------------------------------
Iteration number :  62
Memory (VM: aos_vm2)  Actual [266.75390625], Unused: [100.0703125]
Memory (VM: aos_vm3)  Actual [418.90625], Unused: [100.5703125]
Memory (VM: aos_vm1)  Actual [422.00390625], Unused: [102.61328125]
Memory (VM: aos_vm4)  Actual [417.55078125], Unused: [100.1640625]

----------------------------------------------------------------------------------------------------
Iteration number :  63
Memory (VM: aos_vm2)  Actual [266.75390625], Unused: [100.0703125]
Memory (VM: aos_vm3)  Actual [418.90625], Unused: [100.5703125]
Memory (VM: aos_vm1)  Actual [422.00390625], Unused: [102.58203125]
Memory (VM: aos_vm4)  Actual [417.55078125], Unused: [100.1640625]

----------------------------------------------------------------------------------------------------
Iteration number :  64
Memory (VM: aos_vm2)  Actual [266.75390625], Unused: [100.0703125]
Memory (VM: aos_vm3)  Actual [418.90625], Unused: [100.5703125]
Memory (VM: aos_vm1)  Actual [422.00390625], Unused: [102.58203125]
Memory (VM: aos_vm4)  Actual [417.55078125], Unused: [100.1640625]

----------------------------------------------------------------------------------------------------
Iteration number :  65
Memory (VM: aos_vm2)  Actual [266.75390625], Unused: [100.0703125]
Memory (VM: aos_vm3)  Actual [418.90625], Unused: [100.5703125]
Memory (VM: aos_vm1)  Actual [422.00390625], Unused: [102.61328125]
Memory (VM: aos_vm4)  Actual [417.55078125], Unused: [100.1640625]

----------------------------------------------------------------------------------------------------
Iteration number :  66
Memory (VM: aos_vm2)  Actual [266.75390625], Unused: [100.0703125]
Memory (VM: aos_vm3)  Actual [418.90625], Unused: [100.5703125]
Memory (VM: aos_vm1)  Actual [422.00390625], Unused: [102.61328125]
Memory (VM: aos_vm4)  Actual [417.55078125], Unused: [100.1640625]

----------------------------------------------------------------------------------------------------
Iteration number :  67
Memory (VM: aos_vm2)  Actual [266.75390625], Unused: [100.0703125]
Memory (VM: aos_vm3)  Actual [418.90625], Unused: [100.5703125]
Memory (VM: aos_vm1)  Actual [422.00390625], Unused: [102.61328125]
Memory (VM: aos_vm4)  Actual [417.55078125], Unused: [100.1640625]

----------------------------------------------------------------------------------------------------
Iteration number :  68
Memory (VM: aos_vm2)  Actual [266.75390625], Unused: [100.0703125]
Memory (VM: aos_vm3)  Actual [418.90625], Unused: [100.5703125]
Memory (VM: aos_vm1)  Actual [422.00390625], Unused: [102.61328125]
Memory (VM: aos_vm4)  Actual [417.55078125], Unused: [100.1640625]

----------------------------------------------------------------------------------------------------
Iteration number :  69
Memory (VM: aos_vm2)  Actual [266.75390625], Unused: [100.0703125]
Memory (VM: aos_vm3)  Actual [418.90625], Unused: [100.5703125]
Memory (VM: aos_vm1)  Actual [422.00390625], Unused: [102.61328125]
Memory (VM: aos_vm4)  Actual [417.55078125], Unused: [100.1640625]

----------------------------------------------------------------------------------------------------
Iteration number :  70
Memory (VM: aos_vm2)  Actual [266.75390625], Unused: [100.0703125]
Memory (VM: aos_vm3)  Actual [418.90625], Unused: [100.5703125]
Memory (VM: aos_vm1)  Actual [422.00390625], Unused: [102.61328125]
Memory (VM: aos_vm4)  Actual [417.55078125], Unused: [100.1640625]

----------------------------------------------------------------------------------------------------
Iteration number :  71
Memory (VM: aos_vm2)  Actual [266.75390625], Unused: [100.0703125]
Memory (VM: aos_vm3)  Actual [418.90625], Unused: [100.5703125]
Memory (VM: aos_vm1)  Actual [422.00390625], Unused: [102.61328125]
Memory (VM: aos_vm4)  Actual [417.55078125], Unused: [100.1640625]

----------------------------------------------------------------------------------------------------
Iteration number :  72
Memory (VM: aos_vm2)  Actual [266.75390625], Unused: [100.0703125]
Memory (VM: aos_vm3)  Actual [418.90625], Unused: [100.5703125]
Memory (VM: aos_vm1)  Actual [422.00390625], Unused: [102.61328125]
Memory (VM: aos_vm4)  Actual [417.55078125], Unused: [100.1640625]

----------------------------------------------------------------------------------------------------
Iteration number :  73
Memory (VM: aos_vm2)  Actual [266.75390625], Unused: [100.0703125]
Memory (VM: aos_vm3)  Actual [418.90625], Unused: [100.5703125]
Memory (VM: aos_vm1)  Actual [422.00390625], Unused: [102.61328125]
Memory (VM: aos_vm4)  Actual [417.55078125], Unused: [100.1640625]

----------------------------------------------------------------------------------------------------
Iteration number :  74
Memory (VM: aos_vm2)  Actual [266.75390625], Unused: [100.0703125]
Memory (VM: aos_vm3)  Actual [418.90625], Unused: [100.5703125]
Memory (VM: aos_vm1)  Actual [422.00390625], Unused: [102.61328125]
Memory (VM: aos_vm4)  Actual [417.55078125], Unused: [100.1640625]

----------------------------------------------------------------------------------------------------
Iteration number :  75
Memory (VM: aos_vm2)  Actual [266.75390625], Unused: [100.0703125]
Memory (VM: aos_vm3)  Actual [418.90625], Unused: [100.5703125]
Memory (VM: aos_vm1)  Actual [422.00390625], Unused: [102.61328125]
Memory (VM: aos_vm4)  Actual [417.55078125], Unused: [100.1640625]

----------------------------------------------------------------------------------------------------
Iteration number :  76
Memory (VM: aos_vm2)  Actual [266.75390625], Unused: [100.0703125]
Memory (VM: aos_vm3)  Actual [418.90625], Unused: [100.6015625]
Memory (VM: aos_vm1)  Actual [422.00390625], Unused: [102.61328125]
Memory (VM: aos_vm4)  Actual [417.55078125], Unused: [100.1640625]

----------------------------------------------------------------------------------------------------
Iteration number :  77
Memory (VM: aos_vm2)  Actual [266.75390625], Unused: [100.0703125]
Memory (VM: aos_vm3)  Actual [418.90625], Unused: [100.6015625]
Memory (VM: aos_vm1)  Actual [422.00390625], Unused: [102.61328125]
Memory (VM: aos_vm4)  Actual [417.55078125], Unused: [100.1640625]

----------------------------------------------------------------------------------------------------
Iteration number :  78
Memory (VM: aos_vm2)  Actual [266.75390625], Unused: [100.0703125]
Memory (VM: aos_vm3)  Actual [418.90625], Unused: [100.6015625]
Memory (VM: aos_vm1)  Actual [422.00390625], Unused: [102.61328125]
Memory (VM: aos_vm4)  Actual [417.55078125], Unused: [100.1640625]

----------------------------------------------------------------------------------------------------
Iteration number :  79
Memory (VM: aos_vm2)  Actual [266.75390625], Unused: [99.94921875]
Memory (VM: aos_vm3)  Actual [418.90625], Unused: [100.6015625]
Memory (VM: aos_vm1)  Actual [422.00390625], Unused: [102.61328125]
Memory (VM: aos_vm4)  Actual [417.55078125], Unused: [100.1640625]

----------------------------------------------------------------------------------------------------
Iteration number :  80
Memory (VM: aos_vm2)  Actual [316.75390625], Unused: [149.35546875]
Memory (VM: aos_vm3)  Actual [418.90625], Unused: [100.6015625]
Memory (VM: aos_vm1)  Actual [422.00390625], Unused: [101.3671875]
Memory (VM: aos_vm4)  Actual [417.55078125], Unused: [100.1640625]

----------------------------------------------------------------------------------------------------
Iteration number :  81
Memory (VM: aos_vm2)  Actual [267.3984375], Unused: [100.70703125]
Memory (VM: aos_vm3)  Actual [418.90625], Unused: [100.6015625]
Memory (VM: aos_vm1)  Actual [422.00390625], Unused: [101.3671875]
Memory (VM: aos_vm4)  Actual [417.55078125], Unused: [100.1953125]

----------------------------------------------------------------------------------------------------
Iteration number :  82
Memory (VM: aos_vm2)  Actual [267.3984375], Unused: [100.70703125]
Memory (VM: aos_vm3)  Actual [418.90625], Unused: [98.609375]
Memory (VM: aos_vm1)  Actual [422.00390625], Unused: [101.3671875]
Memory (VM: aos_vm4)  Actual [417.55078125], Unused: [100.1953125]

----------------------------------------------------------------------------------------------------
Iteration number :  83
Memory (VM: aos_vm2)  Actual [267.3984375], Unused: [100.70703125]
Memory (VM: aos_vm3)  Actual [468.90625], Unused: [148.62109375]
Memory (VM: aos_vm1)  Actual [422.00390625], Unused: [101.3671875]
Memory (VM: aos_vm4)  Actual [417.55078125], Unused: [100.1953125]

----------------------------------------------------------------------------------------------------
Iteration number :  84
Memory (VM: aos_vm2)  Actual [267.3984375], Unused: [100.70703125]
Memory (VM: aos_vm3)  Actual [420.28515625], Unused: [100.546875]
Memory (VM: aos_vm1)  Actual [422.00390625], Unused: [101.3671875]
Memory (VM: aos_vm4)  Actual [417.55078125], Unused: [100.1953125]

----------------------------------------------------------------------------------------------------
Iteration number :  85
Memory (VM: aos_vm2)  Actual [267.3984375], Unused: [100.70703125]
Memory (VM: aos_vm3)  Actual [420.28515625], Unused: [100.42578125]
Memory (VM: aos_vm1)  Actual [422.00390625], Unused: [101.3671875]
Memory (VM: aos_vm4)  Actual [417.55078125], Unused: [100.1953125]

----------------------------------------------------------------------------------------------------
Iteration number :  86
Memory (VM: aos_vm2)  Actual [267.3984375], Unused: [100.70703125]
Memory (VM: aos_vm3)  Actual [420.28515625], Unused: [100.42578125]
Memory (VM: aos_vm1)  Actual [422.00390625], Unused: [101.3984375]
Memory (VM: aos_vm4)  Actual [417.55078125], Unused: [100.1953125]

----------------------------------------------------------------------------------------------------
Iteration number :  87
Memory (VM: aos_vm2)  Actual [267.3984375], Unused: [100.34375]
Memory (VM: aos_vm3)  Actual [420.28515625], Unused: [100.42578125]
Memory (VM: aos_vm1)  Actual [422.00390625], Unused: [101.3984375]
Memory (VM: aos_vm4)  Actual [417.55078125], Unused: [100.1953125]

----------------------------------------------------------------------------------------------------
Iteration number :  88
Memory (VM: aos_vm2)  Actual [267.3984375], Unused: [100.34375]
Memory (VM: aos_vm3)  Actual [420.28515625], Unused: [100.42578125]
Memory (VM: aos_vm1)  Actual [422.00390625], Unused: [101.3984375]
Memory (VM: aos_vm4)  Actual [417.55078125], Unused: [100.1953125]

----------------------------------------------------------------------------------------------------
Iteration number :  89
Memory (VM: aos_vm2)  Actual [267.3984375], Unused: [100.34375]
Memory (VM: aos_vm3)  Actual [420.28515625], Unused: [100.42578125]
Memory (VM: aos_vm1)  Actual [422.00390625], Unused: [101.3984375]
Memory (VM: aos_vm4)  Actual [417.55078125], Unused: [100.1953125]

----------------------------------------------------------------------------------------------------
Iteration number :  90
Memory (VM: aos_vm2)  Actual [267.3984375], Unused: [100.34375]
Memory (VM: aos_vm3)  Actual [420.28515625], Unused: [100.42578125]
Memory (VM: aos_vm1)  Actual [422.00390625], Unused: [101.3984375]
Memory (VM: aos_vm4)  Actual [417.55078125], Unused: [100.1953125]

----------------------------------------------------------------------------------------------------
Iteration number :  91
Memory (VM: aos_vm2)  Actual [267.3984375], Unused: [100.34375]
Memory (VM: aos_vm3)  Actual [420.28515625], Unused: [100.42578125]
Memory (VM: aos_vm1)  Actual [422.00390625], Unused: [101.3984375]
Memory (VM: aos_vm4)  Actual [417.55078125], Unused: [100.1953125]

----------------------------------------------------------------------------------------------------
Iteration number :  92
Memory (VM: aos_vm2)  Actual [267.3984375], Unused: [100.34375]
Memory (VM: aos_vm3)  Actual [420.28515625], Unused: [100.42578125]
Memory (VM: aos_vm1)  Actual [422.00390625], Unused: [101.3984375]
Memory (VM: aos_vm4)  Actual [417.55078125], Unused: [100.1953125]

----------------------------------------------------------------------------------------------------
Iteration number :  93
Memory (VM: aos_vm2)  Actual [267.3984375], Unused: [100.34375]
Memory (VM: aos_vm3)  Actual [420.28515625], Unused: [100.45703125]
Memory (VM: aos_vm1)  Actual [422.00390625], Unused: [101.3984375]
Memory (VM: aos_vm4)  Actual [417.55078125], Unused: [98.93359375]

----------------------------------------------------------------------------------------------------
Iteration number :  94
Memory (VM: aos_vm2)  Actual [267.3984375], Unused: [100.34375]
Memory (VM: aos_vm3)  Actual [420.28515625], Unused: [100.45703125]
Memory (VM: aos_vm1)  Actual [422.00390625], Unused: [101.3984375]
Memory (VM: aos_vm4)  Actual [467.55078125], Unused: [148.9453125]

----------------------------------------------------------------------------------------------------
Iteration number :  95
Memory (VM: aos_vm2)  Actual [267.3984375], Unused: [100.34375]
Memory (VM: aos_vm3)  Actual [420.28515625], Unused: [100.45703125]
Memory (VM: aos_vm1)  Actual [422.00390625], Unused: [101.3984375]
Memory (VM: aos_vm4)  Actual [418.60546875], Unused: [100.62890625]

----------------------------------------------------------------------------------------------------
Iteration number :  96
Memory (VM: aos_vm2)  Actual [267.3984375], Unused: [100.34375]
Memory (VM: aos_vm3)  Actual [420.28515625], Unused: [100.45703125]
Memory (VM: aos_vm1)  Actual [422.00390625], Unused: [101.3984375]
Memory (VM: aos_vm4)  Actual [418.60546875], Unused: [100.5078125]

----------------------------------------------------------------------------------------------------
Iteration number :  97
Memory (VM: aos_vm2)  Actual [267.3984375], Unused: [100.34375]
Memory (VM: aos_vm3)  Actual [420.28515625], Unused: [100.45703125]
Memory (VM: aos_vm1)  Actual [422.00390625], Unused: [101.3984375]
Memory (VM: aos_vm4)  Actual [418.60546875], Unused: [100.3203125]

----------------------------------------------------------------------------------------------------
Iteration number :  98
Memory (VM: aos_vm2)  Actual [267.3984375], Unused: [100.375]
Memory (VM: aos_vm3)  Actual [420.28515625], Unused: [100.45703125]
Memory (VM: aos_vm1)  Actual [422.00390625], Unused: [101.3984375]
Memory (VM: aos_vm4)  Actual [418.60546875], Unused: [100.2890625]

----------------------------------------------------------------------------------------------------
Iteration number :  99
Memory (VM: aos_vm2)  Actual [267.3984375], Unused: [100.375]
Memory (VM: aos_vm3)  Actual [420.28515625], Unused: [100.45703125]
Memory (VM: aos_vm1)  Actual [422.00390625], Unused: [101.3984375]
Memory (VM: aos_vm4)  Actual [418.60546875], Unused: [100.2890625]

----------------------------------------------------------------------------------------------------
Iteration number :  100
Memory (VM: aos_vm2)  Actual [267.3984375], Unused: [100.375]
Memory (VM: aos_vm3)  Actual [420.28515625], Unused: [100.45703125]
Memory (VM: aos_vm1)  Actual [422.00390625], Unused: [101.3984375]
Memory (VM: aos_vm4)  Actual [418.60546875], Unused: [100.2890625]
azureuser@pr1-vm:~/6210-proj1/memory/test$ run: no process found
run: no process found
run: no process found
run: no process found
exit
exit

Script done on 2026-02-16 18:52:18+00:00 [COMMAND_EXIT_CODE="0"]
