Script started on 2026-02-16 17:16:52+00:00 [TERM="screen" TTY="/dev/pts/12" COLUMNS="248" LINES="19"]
azureuser@pr1-vm:~/6210-proj1/cpu/test$ [Kazureuser@pr1-vm:~/6210-proj1/cpu/test$ python3 monitor.py -t runtest2.py

--------------------------------------------------
Iteration number :  1
0 - usage: 0.0 | mapping []
1 - usage: 0.0 | mapping []
2 - usage: 0.0 | mapping []
3 - usage: 0.0 | mapping []

--------------------------------------------------
Iteration number :  2
0 - usage: 0.0 | mapping ['aos_vm5']
1 - usage: 0.0 | mapping ['aos_vm3', 'aos_vm1']
2 - usage: 0.0 | mapping ['aos_vm6', 'aos_vm4']
3 - usage: 0.0 | mapping ['aos_vm2', 'aos_vm8', 'aos_vm7']

--------------------------------------------------
Iteration number :  3
0 - usage: 2.0 | mapping ['aos_vm6', 'aos_vm2', 'aos_vm7', 'aos_vm4']
1 - usage: 1.0 | mapping ['aos_vm5']
2 - usage: 0.0 | mapping ['aos_vm8', 'aos_vm3', 'aos_vm1']
3 - usage: 0.0 | mapping []

--------------------------------------------------
Iteration number :  4
0 - usage: 2.0 | mapping ['aos_vm6', 'aos_vm2', 'aos_vm4']
1 - usage: 0.0 | mapping ['aos_vm5']
2 - usage: 3.0 | mapping ['aos_vm8', 'aos_vm3', 'aos_vm1']
3 - usage: 0.0 | mapping ['aos_vm7']

--------------------------------------------------
Iteration number :  5
0 - usage: 1.0 | mapping ['aos_vm2', 'aos_vm7', 'aos_vm5', 'aos_vm4']
1 - usage: 0.0 | mapping ['aos_vm6', 'aos_vm3']
2 - usage: 1.0 | mapping ['aos_vm8', 'aos_vm1']
3 - usage: 0.0 | mapping []

--------------------------------------------------
Iteration number :  6
0 - usage: 8.0 | mapping ['aos_vm6', 'aos_vm2', 'aos_vm8', 'aos_vm7', 'aos_vm3', 'aos_vm1', 'aos_vm5', 'aos_vm4']
1 - usage: 0.0 | mapping []
2 - usage: 0.0 | mapping []
3 - usage: 0.0 | mapping []

--------------------------------------------------
Iteration number :  7
0 - usage: 91.0 | mapping ['aos_vm2', 'aos_vm8', 'aos_vm7', 'aos_vm3', 'aos_vm1', 'aos_vm5', 'aos_vm4']
1 - usage: 17.0 | mapping ['aos_vm6']
2 - usage: 0.0 | mapping []
3 - usage: 0.0 | mapping []

--------------------------------------------------
Iteration number :  8
0 - usage: 100.0 | mapping ['aos_vm2', 'aos_vm8', 'aos_vm7', 'aos_vm3', 'aos_vm1', 'aos_vm5', 'aos_vm4']
1 - usage: 101.0 | mapping ['aos_vm6']
2 - usage: 0.0 | mapping []
3 - usage: 0.0 | mapping []

--------------------------------------------------
Iteration number :  9
0 - usage: 91.0 | mapping ['aos_vm8', 'aos_vm7', 'aos_vm3', 'aos_vm1', 'aos_vm5', 'aos_vm4']
1 - usage: 72.0 | mapping ['aos_vm6']
2 - usage: 22.0 | mapping ['aos_vm2']
3 - usage: 0.0 | mapping []

--------------------------------------------------
Iteration number :  10
0 - usage: 101.0 | mapping ['aos_vm8', 'aos_vm7', 'aos_vm3', 'aos_vm1', 'aos_vm5', 'aos_vm4']
1 - usage: 56.00000000000001 | mapping ['aos_vm6']
2 - usage: 85.0 | mapping ['aos_vm2']
3 - usage: 0.0 | mapping []

--------------------------------------------------
Iteration number :  11
0 - usage: 87.99999999999999 | mapping ['aos_vm7', 'aos_vm3', 'aos_vm1', 'aos_vm5', 'aos_vm4']
1 - usage: 62.0 | mapping ['aos_vm6']
2 - usage: 60.0 | mapping ['aos_vm2']
3 - usage: 26.0 | mapping ['aos_vm8']

--------------------------------------------------
Iteration number :  12
0 - usage: 101.0 | mapping ['aos_vm7', 'aos_vm3', 'aos_vm1', 'aos_vm5', 'aos_vm4']
1 - usage: 57.99999999999999 | mapping ['aos_vm6']
2 - usage: 52.0 | mapping ['aos_vm2']
3 - usage: 78.0 | mapping ['aos_vm8']

--------------------------------------------------
Iteration number :  13
0 - usage: 85.0 | mapping ['aos_vm7', 'aos_vm3', 'aos_vm5', 'aos_vm4']
1 - usage: 61.0 | mapping ['aos_vm6']
2 - usage: 81.0 | mapping ['aos_vm2', 'aos_vm1']
3 - usage: 60.0 | mapping ['aos_vm8']

--------------------------------------------------
Iteration number :  14
0 - usage: 102.0 | mapping ['aos_vm7', 'aos_vm3', 'aos_vm5', 'aos_vm4']
1 - usage: 51.0 | mapping ['aos_vm6']
2 - usage: 97.0 | mapping ['aos_vm2', 'aos_vm1']
3 - usage: 46.0 | mapping ['aos_vm8']

--------------------------------------------------
Iteration number :  15
0 - usage: 78.0 | mapping ['aos_vm3', 'aos_vm5', 'aos_vm4']
1 - usage: 51.0 | mapping ['aos_vm6']
2 - usage: 94.0 | mapping ['aos_vm2', 'aos_vm1']
3 - usage: 79.0 | mapping ['aos_vm8', 'aos_vm7']

--------------------------------------------------
Iteration number :  16
0 - usage: 100.0 | mapping ['aos_vm3', 'aos_vm5', 'aos_vm4']
1 - usage: 56.99999999999999 | mapping ['aos_vm6']
2 - usage: 100.0 | mapping ['aos_vm2', 'aos_vm1']
3 - usage: 96.0 | mapping ['aos_vm8', 'aos_vm7']

--------------------------------------------------
Iteration number :  17
0 - usage: 72.0 | mapping ['aos_vm5', 'aos_vm4']
1 - usage: 80.0 | mapping ['aos_vm6', 'aos_vm3']
2 - usage: 98.0 | mapping ['aos_vm2', 'aos_vm1']
3 - usage: 93.0 | mapping ['aos_vm8', 'aos_vm7']

--------------------------------------------------
Iteration number :  18
0 - usage: 101.0 | mapping ['aos_vm5', 'aos_vm4']
1 - usage: 96.0 | mapping ['aos_vm6', 'aos_vm3']
2 - usage: 100.0 | mapping ['aos_vm2', 'aos_vm1']
3 - usage: 98.0 | mapping ['aos_vm8', 'aos_vm7']

--------------------------------------------------
Iteration number :  19
0 - usage: 93.0 | mapping ['aos_vm5', 'aos_vm4']
1 - usage: 94.0 | mapping ['aos_vm6', 'aos_vm3']
2 - usage: 91.0 | mapping ['aos_vm2', 'aos_vm1']
3 - usage: 97.0 | mapping ['aos_vm8', 'aos_vm7']

--------------------------------------------------
Iteration number :  20
0 - usage: 98.0 | mapping ['aos_vm5', 'aos_vm4']
1 - usage: 97.0 | mapping ['aos_vm6', 'aos_vm3']
2 - usage: 98.0 | mapping ['aos_vm2', 'aos_vm1']
3 - usage: 99.0 | mapping ['aos_vm8', 'aos_vm7']

--------------------------------------------------
Iteration number :  21
0 - usage: 96.0 | mapping ['aos_vm5', 'aos_vm4']
1 - usage: 95.0 | mapping ['aos_vm6', 'aos_vm3']
2 - usage: 96.0 | mapping ['aos_vm2', 'aos_vm1']
3 - usage: 97.0 | mapping ['aos_vm8', 'aos_vm7']

--------------------------------------------------
Iteration number :  22
0 - usage: 73.0 | mapping ['aos_vm5', 'aos_vm4']
1 - usage: 73.0 | mapping ['aos_vm6', 'aos_vm3']
2 - usage: 77.0 | mapping ['aos_vm2', 'aos_vm1']
3 - usage: 92.0 | mapping ['aos_vm8', 'aos_vm7']

--------------------------------------------------
Iteration number :  23
0 - usage: 95.0 | mapping ['aos_vm5', 'aos_vm4']
1 - usage: 98.0 | mapping ['aos_vm6', 'aos_vm3']
2 - usage: 100.0 | mapping ['aos_vm2', 'aos_vm1']
3 - usage: 97.0 | mapping ['aos_vm8', 'aos_vm7']

--------------------------------------------------
Iteration number :  24
0 - usage: 90.0 | mapping ['aos_vm5', 'aos_vm4']
1 - usage: 85.0 | mapping ['aos_vm6', 'aos_vm3']
2 - usage: 99.0 | mapping ['aos_vm2', 'aos_vm1']
3 - usage: 96.0 | mapping ['aos_vm8', 'aos_vm7']

--------------------------------------------------
Iteration number :  25
0 - usage: 97.0 | mapping ['aos_vm5', 'aos_vm4']
1 - usage: 98.0 | mapping ['aos_vm6', 'aos_vm3']
2 - usage: 99.0 | mapping ['aos_vm2', 'aos_vm1']
3 - usage: 98.0 | mapping ['aos_vm8', 'aos_vm7']
azureuser@pr1-vm:~/6210-proj1/cpu/test$ [Kazureuser@pr1-vm:~/6210-proj1/cpu/test$ exit
exit

Script done on 2026-02-16 17:19:37+00:00 [COMMAND_EXIT_CODE="0"]
